<?xml version="1.0" encoding="UTF-8" ?>
<testsuite failures="0" time="0.208" errors="0" skipped="0" tests="4" name="io.endeios.example.javascripts.JavaScriptTestCase">
  <properties>
[...]
</properties>
  <testcase time="0.067" classname="io.endeios.example.javascripts.JavaScriptTestCase" name="invoke"/>
  <testcase time="0.008" classname="io.endeios.example.javascripts.JavaScriptTestCase" name="test"/>
  <testcase time="0.008" classname="io.endeios.example.javascripts.JavaScriptTestCase" name="compile"/>
  <testcase time="0.023" classname="io.endeios.example.javascripts.JavaScriptTestCase" name="invoke2"/>
</testsuite>